<?xml version="1.0" encoding="UTF-8"?>
<testng-results ignored="0" total="1" passed="1" failed="0" skipped="0">
  <reporter-output>
  </reporter-output>
  <suite started-at="2022-06-03T17:54:12 IST" name="Suite" finished-at="2022-06-03T17:54:20 IST" duration-ms="7598">
    <groups>
    </groups>
    <test started-at="2022-06-03T17:54:12 IST" name="Test" finished-at="2022-06-03T17:54:20 IST" duration-ms="7598">
      <class name="com.inetbanking.testCases.TC_LogInTest_001">
        <test-method is-config="true" signature="setup(java.lang.String,java.lang.String)[pri:0, instance:com.inetbanking.testCases.TC_LogInTest_001@33990a0c]" started-at="2022-06-03T17:54:13 IST" name="setup" finished-at="2022-06-03T17:54:18 IST" duration-ms="5534" status="PASS">
          <params>
            <param index="0">
              <value>
                <![CDATA[chrome]]>
              </value>
            </param>
            <param index="1">
              <value>
                <![CDATA[https://demo.guru99.com/V4/]]>
              </value>
            </param>
          </params>
          <reporter-output>
          </reporter-output>
        </test-method> <!-- setup -->
        <test-method signature="loginTest()[pri:0, instance:com.inetbanking.testCases.TC_LogInTest_001@33990a0c]" started-at="2022-06-03T17:54:18 IST" name="loginTest" finished-at="2022-06-03T17:54:20 IST" duration-ms="1553" status="PASS">
          <reporter-output>
          </reporter-output>
        </test-method> <!-- loginTest -->
        <test-method is-config="true" signature="tearDown()[pri:0, instance:com.inetbanking.testCases.TC_LogInTest_001@33990a0c]" started-at="2022-06-03T17:54:20 IST" name="tearDown" finished-at="2022-06-03T17:54:20 IST" duration-ms="167" status="PASS">
          <reporter-output>
          </reporter-output>
        </test-method> <!-- tearDown -->
      </class> <!-- com.inetbanking.testCases.TC_LogInTest_001 -->
    </test> <!-- Test -->
  </suite> <!-- Suite -->
</testng-results>
